<?xml version="1.0" encoding="UTF-8"?>
<!-- Generated by org.testng.reporters.JUnitReportReporter -->
<testsuite hostname="Gagans-MacBook-Pro.local" failures="0" tests="3" name="com.comcast.crm.contacttest.TS_04_CreateContactTest" time="25.077" errors="0" timestamp="2024-11-25T15:10:25 IST" skipped="0">
  <testcase classname="com.comcast.crm.contacttest.TS_04_CreateContactTest" name="createContactTest" time="6.024"/>
  <system-out/>
  <testcase classname="com.comcast.crm.contacttest.TS_04_CreateContactTest" name="createContactWithSupportDateTest" time="5.854"/>
  <system-out/>
  <testcase classname="com.comcast.crm.contacttest.TS_04_CreateContactTest" name="createContactWithOrganizationTest" time="13.199"/>
  <system-out/>
</testsuite> <!-- com.comcast.crm.contacttest.TS_04_CreateContactTest -->
