<?xml version="1.0" encoding="UTF-8"?>
<!-- Generated by org.testng.reporters.JUnitReportReporter -->
<testsuite hostname="Gagans-MacBook-Pro.local" failures="0" tests="3" name="com.comcast.crm.orgtest.TS_06_GetProductInfoTest" time="59.412" errors="0" timestamp="2024-11-22T17:23:30 IST" skipped="0">
  <testcase classname="com.comcast.crm.orgtest.TS_06_GetProductInfoTest" name="getProductInforTest" time="22.626"/>
  <system-out/>
  <testcase classname="com.comcast.crm.orgtest.TS_06_GetProductInfoTest" name="getProductInforTest" time="21.818"/>
  <system-out/>
  <testcase classname="com.comcast.crm.orgtest.TS_06_GetProductInfoTest" name="getProductInforTest" time="14.968"/>
  <system-out/>
</testsuite> <!-- com.comcast.crm.orgtest.TS_06_GetProductInfoTest -->
