<?xml version="1.0" encoding="UTF-8"?>
<!-- Generated by org.testng.reporters.JUnitReportReporter -->
<testsuite hostname="Gagans-MacBook-Pro.local" failures="0" tests="1" name="com.comcast.crm.listner.TS_05_NetworkTest" time="5.817" errors="0" timestamp="2024-11-28T17:58:55 IST" skipped="0">
  <testcase classname="com.comcast.crm.listner.TS_05_NetworkTest" name="activateSimTest" time="5.817"/>
  <system-out/>
</testsuite> <!-- com.comcast.crm.listner.TS_05_NetworkTest -->
