<?xml version="1.0" encoding="UTF-8"?>
<!-- Generated by org.testng.reporters.JUnitReportReporter -->
<testsuite hostname="Gagans-MacBook-Pro.local" failures="0" tests="1" name="com.comcast.crm.contacttest.TS_02_CreateContactTest" time="7.918" errors="0" timestamp="2024-11-26T14:15:17 IST" skipped="0">
  <testcase classname="com.comcast.crm.contacttest.TS_02_CreateContactTest" name="createContactTest" time="7.918"/>
  <system-out/>
</testsuite> <!-- com.comcast.crm.contacttest.TS_02_CreateContactTest -->
